<?xml version="1.0" encoding="UTF-8"?>
<!-- Generated by org.testng.reporters.JUnitXMLReporter -->
<testsuite ignored="0" hostname="vaish" failures="1" tests="37" name="Surefire test" time="341.407" errors="0" timestamp="2023-11-15T16:44:54 EST">
  <testcase classname="com.naveenAutomationPageTest.AccountPageTest" name="validateUserCanAccessAddressBook" time="2.178"/>
  <testcase classname="com.naveenAutomationPageTest.AccountPageTest" name="validateUserCanAccessDownloadsPage" time="2.354"/>
  <testcase classname="com.naveenAutomationPageTest.AccountPageTest" name="validateUserCanAccessOrderHistory" time="2.374"/>
  <testcase classname="com.naveenAutomationPageTest.AccountPageTest" name="validateUserCanAccessRecurringPaymentsPage" time="2.226"/>
  <testcase classname="com.naveenAutomationPageTest.AccountPageTest" name="validateUserCanAccessRewardPointsPage" time="3.62"/>
  <testcase classname="com.naveenAutomationPageTest.AccountPageTest" name="validateUserCanAccessTransactionsPage" time="2.588"/>
  <testcase classname="com.naveenAutomationPageTest.AccountPageTest" name="validateUserCanChangePassword" time="3.608"/>
  <testcase classname="com.naveenAutomationPageTest.AccountPageTest" name="validateUserCanEditPersonalInfo" time="3.288"/>
  <testcase classname="com.naveenAutomationPageTest.AccountPageTest" name="validateUserCanUpdateNewsLetterSubscription" time="3.299"/>
  <testcase classname="com.naveenAutomationPageTest.AccountPageTest" name="validateUserCanUpdateWishList" time="2.341"/>
  <testcase classname="com.naveenAutomationPageTest.AddressBookEntriesPageTest" name="validateUserCanAddNewAddressToAddressBook" time="9.929"/>
  <testcase classname="com.naveenAutomationPageTest.AddressBookEntriesPageTest" name="validateUserCanAddNewAddressToAddressBook" time="10.081"/>
  <testcase classname="com.naveenAutomationPageTest.AddressBookEntriesPageTest" name="validateUserCanNavigateToAddressBook" time="3.215"/>
  <testcase classname="com.naveenAutomationPageTest.EditAccountPageTest" name="validateFirstNameCharactersAreWithinRange" time="5.048"/>
  <testcase classname="com.naveenAutomationPageTest.EditAccountPageTest" name="validateLastNameCharactersAreWithinRange" time="4.676"/>
  <testcase classname="com.naveenAutomationPageTest.EditAccountPageTest" name="validateUserCanNotSkipEmail" time="17.516"/>
  <testcase classname="com.naveenAutomationPageTest.EditAccountPageTest" name="validateUserCanNotSkipFirstName" time="3.571"/>
  <testcase classname="com.naveenAutomationPageTest.EditAccountPageTest" name="validateUserCanNotSkipLastName" time="3.533"/>
  <testcase classname="com.naveenAutomationPageTest.ForgottenPasswordPageTest" name="validateUserWillGetConfirmationLinkUsingValidEmail" time="1.894"/>
  <testcase classname="com.naveenAutomationPageTest.ForgottenPasswordPageTest" name="validateUserWillNotGetConfirmationLinkUsingInvalidEmail" time="1.344"/>
  <testcase classname="com.naveenAutomationPageTest.LoginPageTest" name="validateUserCanLoginWithValidCredentials" time="1.138"/>
  <testcase classname="com.naveenAutomationPageTest.LoginPageTest" name="validateUserCanNotLoginWithInValidPassword" time="0.854"/>
  <testcase classname="com.naveenAutomationPageTest.LoginPageTest" name="validateUserIsAbleToNavigateToForgottenPasswordPage" time="0.632"/>
  <testcase classname="com.naveenAutomationPageTest.LogoutPageTest" name="validateUserCanLogoutsafely" time="4.686"/>
  <testcase classname="com.naveenAutomationPageTest.RegisterAccountPageTest" name="validateUserCanNavigateToRegisterAccount" time="1.301"/>
  <testcase classname="com.naveenAutomationPageTest.RegisterAccountPageTest" name="validateUserCanNotEnterInvalidFirstName" time="2.5"/>
  <testcase classname="com.naveenAutomationPageTest.RegisterAccountPageTest" name="validateUserCanNotEnterInvalidLastName" time="2.504"/>
  <testcase classname="com.naveenAutomationPageTest.RegisterAccountPageTest" name="validateUserCanNotEnterInvalidTelephone" time="4.489"/>
  <testcase classname="com.naveenAutomationPageTest.RegisterAccountPageTest" name="validateUserCanNotSkipConfirmPassword" time="4.023"/>
  <testcase classname="com.naveenAutomationPageTest.RegisterAccountPageTest" name="validateUserCanNotSkipEmail" time="2.127"/>
  <testcase classname="com.naveenAutomationPageTest.RegisterAccountPageTest" name="validateUserCanNotSkipFirstName" time="2.487"/>
  <testcase classname="com.naveenAutomationPageTest.RegisterAccountPageTest" name="validateUserCanNotSkipLastName" time="2.563"/>
  <testcase classname="com.naveenAutomationPageTest.RegisterAccountPageTest" name="validateUserCanNotSkipPassword" time="4.283"/>
  <testcase classname="com.naveenAutomationPageTest.RegisterAccountPageTest" name="validateUserCheckEDPrivacyPolicyCheckBox" time="2.5"/>
  <testcase classname="com.naveenAutomationPageTest.RegisterAccountPageTest" name="validateUserIsAbleToRegisterWithValidInfo" time="2.504">
    <failure type="java.lang.AssertionError" message="User is not Able To Register With Valid Info expected [Your Account Has Been Created!] but found [Register Account]">
      <![CDATA[java.lang.AssertionError: User is not Able To Register With Valid Info expected [Your Account Has Been Created!] but found [Register Account]
at com.naveenAutomationPageTest.RegisterAccountPageTest.validateUserIsAbleToRegisterWithValidInfo(RegisterAccountPageTest.java:49)
at java.base/java.util.ArrayList.forEach(ArrayList.java:1541)
... Removed 37 stack frames]]>
    </failure>
  </testcase> <!-- validateUserIsAbleToRegisterWithValidInfo -->
  <testcase classname="com.naveenAutomationPageTest.ViewProductReturnsPageTest" name="validateNavigationBackToAccountPage" time="2.58"/>
  <testcase classname="com.naveenAutomationPageTest.ViewProductReturnsPageTest" name="validateNavigationToViewProductReturnsPage" time="3.728"/>
</testsuite> <!-- Surefire test -->
