<?xml version="1.0" encoding="UTF-8"?>
<!-- Generated by org.testng.reporters.JUnitXMLReporter -->
<testsuite ignored="33" hostname="vaish" failures="0" tests="7" name="Surefire test" time="49.303" errors="0" timestamp="2023-11-19T16:07:58 EST">
  <testcase classname="com.naveenAutomationPageTest.AccountPageTest" name="validateUserCanEditPersonalInfo" time="2.77"/>
  <testcase classname="com.naveenAutomationPageTest.RegisterAccountPageTest" name="validateUserCanNavigateToRegisterAccount" time="0.909"/>
  <testcase classname="com.naveenAutomationPageTest.RegisterAccountPageTest" name="validateUserCanNotEnterInvalidTelephone" time="2.191"/>
  <testcase classname="com.naveenAutomationPageTest.RegisterAccountPageTest" name="validateUserCanNotSkipConfirmPassword" time="2.699"/>
  <testcase classname="com.naveenAutomationPageTest.RegisterAccountPageTest" name="validateUserCanNotSkipEmail" time="2.09"/>
  <testcase classname="com.naveenAutomationPageTest.RegisterAccountPageTest" name="validateUserCanNotSkipLastName" time="3.63"/>
  <testcase classname="com.naveenAutomationPageTest.RegisterAccountPageTest" name="validateUserCanNotSkipPassword" time="2.276"/>
  <testcase classname="com.naveenAutomationPageTest.AccountPageTest" name="validateUserCanAccessAddressBook" time="0.0">
    <ignored/>
  </testcase> <!-- validateUserCanAccessAddressBook -->
  <testcase classname="com.naveenAutomationPageTest.EditAccountPageTest" name="validateUserCanNavigateToEditPersonalInfo" time="0.0">
    <ignored/>
  </testcase> <!-- validateUserCanNavigateToEditPersonalInfo -->
  <testcase classname="com.naveenAutomationPageTest.ViewProductReturnsPageTest" name="validateNavigationBackToAccountPage" time="0.0">
    <ignored/>
  </testcase> <!-- validateNavigationBackToAccountPage -->
  <testcase classname="com.naveenAutomationPageTest.AccountPageTest" name="validateUserCanUpdateNewsLetterSubscription" time="0.0">
    <ignored/>
  </testcase> <!-- validateUserCanUpdateNewsLetterSubscription -->
  <testcase classname="com.naveenAutomationPageTest.RegisterAccountPageTest" name="validateUserCanNotSkipFirstName" time="0.0">
    <ignored/>
  </testcase> <!-- validateUserCanNotSkipFirstName -->
  <testcase classname="com.naveenAutomationPageTest.RegisterAccountSuccessPageTest" name="validateUserCanNavigateBackToToLoginPage" time="0.0">
    <ignored/>
  </testcase> <!-- validateUserCanNavigateBackToToLoginPage -->
  <testcase classname="com.naveenAutomationPageTest.ForgottenPasswordPageTest" name="validateUserCanNavigateToForgottenPasswordPage" time="0.0">
    <ignored/>
  </testcase> <!-- validateUserCanNavigateToForgottenPasswordPage -->
  <testcase classname="com.naveenAutomationPageTest.AccountPageTest" name="validateUserCanAccessTransactionsPage" time="0.0">
    <ignored/>
  </testcase> <!-- validateUserCanAccessTransactionsPage -->
  <testcase classname="com.naveenAutomationPageTest.AccountPageTest" name="validateUserCanUpdateWishList" time="0.0">
    <ignored/>
  </testcase> <!-- validateUserCanUpdateWishList -->
  <testcase classname="com.naveenAutomationPageTest.AccountPageTest" name="validateUserCanAccessRewardPointsPage" time="0.0">
    <ignored/>
  </testcase> <!-- validateUserCanAccessRewardPointsPage -->
  <testcase classname="com.naveenAutomationPageTest.EditAccountPageTest" name="validateUserCanNotSkipLastName" time="0.0">
    <ignored/>
  </testcase> <!-- validateUserCanNotSkipLastName -->
  <testcase classname="com.naveenAutomationPageTest.ForgottenPasswordPageTest" name="validateUserWillGetConfirmationLinkUsingValidEmail" time="0.0">
    <ignored/>
  </testcase> <!-- validateUserWillGetConfirmationLinkUsingValidEmail -->
  <testcase classname="com.naveenAutomationPageTest.LoginPageTest" name="validateUserCanNotLoginWithInValidPassword" time="0.0">
    <ignored/>
  </testcase> <!-- validateUserCanNotLoginWithInValidPassword -->
  <testcase classname="com.naveenAutomationPageTest.RegisterAccountPageTest" name="validateUserCanNotEnterInvalidFirstName" time="0.0">
    <ignored/>
  </testcase> <!-- validateUserCanNotEnterInvalidFirstName -->
  <testcase classname="com.naveenAutomationPageTest.ViewProductReturnsPageTest" name="validateNavigationToViewProductReturnsPage" time="0.0">
    <ignored/>
  </testcase> <!-- validateNavigationToViewProductReturnsPage -->
  <testcase classname="com.naveenAutomationPageTest.RegisterAccountPageTest" name="validateUserIsAbleToRegisterWithValidInfo" time="0.0">
    <ignored/>
  </testcase> <!-- validateUserIsAbleToRegisterWithValidInfo -->
  <testcase classname="com.naveenAutomationPageTest.LogoutPageTest" name="validateUserCanLogoutsafely" time="0.0">
    <ignored/>
  </testcase> <!-- validateUserCanLogoutsafely -->
  <testcase classname="com.naveenAutomationPageTest.EditAccountPageTest" name="validateUserCanNotSkipFirstName" time="0.0">
    <ignored/>
  </testcase> <!-- validateUserCanNotSkipFirstName -->
  <testcase classname="com.naveenAutomationPageTest.RegisterAccountPageTest" name="validateUserCheckEDPrivacyPolicyCheckBox" time="0.0">
    <ignored/>
  </testcase> <!-- validateUserCheckEDPrivacyPolicyCheckBox -->
  <testcase classname="com.naveenAutomationPageTest.AddressBookEntriesPageTest" name="validateUserCanNavigateToAddressBook" time="0.0">
    <ignored/>
  </testcase> <!-- validateUserCanNavigateToAddressBook -->
  <testcase classname="com.naveenAutomationPageTest.AddressBookEntriesPageTest" name="validateUserCanAddNewAddressToAddressBook" time="0.0">
    <ignored/>
  </testcase> <!-- validateUserCanAddNewAddressToAddressBook -->
  <testcase classname="com.naveenAutomationPageTest.RegisterAccountPageTest" name="validateUserCanNotEnterInvalidLastName" time="0.0">
    <ignored/>
  </testcase> <!-- validateUserCanNotEnterInvalidLastName -->
  <testcase classname="com.naveenAutomationPageTest.AccountPageTest" name="validateUserCanChangePassword" time="0.0">
    <ignored/>
  </testcase> <!-- validateUserCanChangePassword -->
  <testcase classname="com.naveenAutomationPageTest.LoginPageTest" name="validateUserCanLoginWithValidCredentials" time="0.0">
    <ignored/>
  </testcase> <!-- validateUserCanLoginWithValidCredentials -->
  <testcase classname="com.naveenAutomationPageTest.EditAccountPageTest" name="validateLastNameCharactersAreWithinRange" time="0.0">
    <ignored/>
  </testcase> <!-- validateLastNameCharactersAreWithinRange -->
  <testcase classname="com.naveenAutomationPageTest.AccountPageTest" name="validateUserCanAccessRecurringPaymentsPage" time="0.0">
    <ignored/>
  </testcase> <!-- validateUserCanAccessRecurringPaymentsPage -->
  <testcase classname="com.naveenAutomationPageTest.AccountPageTest" name="validateUserCanAccessDownloadsPage" time="0.0">
    <ignored/>
  </testcase> <!-- validateUserCanAccessDownloadsPage -->
  <testcase classname="com.naveenAutomationPageTest.EditAccountPageTest" name="validateFirstNameCharactersAreWithinRange" time="0.0">
    <ignored/>
  </testcase> <!-- validateFirstNameCharactersAreWithinRange -->
  <testcase classname="com.naveenAutomationPageTest.EditAccountPageTest" name="validateUserCanNotSkipEmail" time="0.0">
    <ignored/>
  </testcase> <!-- validateUserCanNotSkipEmail -->
  <testcase classname="com.naveenAutomationPageTest.LoginPageTest" name="validateUserCanNotLoginWithInValidUsername" time="0.0">
    <ignored/>
  </testcase> <!-- validateUserCanNotLoginWithInValidUsername -->
  <testcase classname="com.naveenAutomationPageTest.ForgottenPasswordPageTest" name="validateUserWillNotGetConfirmationLinkUsingInvalidEmail" time="0.0">
    <ignored/>
  </testcase> <!-- validateUserWillNotGetConfirmationLinkUsingInvalidEmail -->
  <testcase classname="com.naveenAutomationPageTest.LoginPageTest" name="validateUserIsAbleToNavigateToForgottenPasswordPage" time="0.0">
    <ignored/>
  </testcase> <!-- validateUserIsAbleToNavigateToForgottenPasswordPage -->
  <testcase classname="com.naveenAutomationPageTest.AccountPageTest" name="validateUserCanAccessOrderHistory" time="0.0">
    <ignored/>
  </testcase> <!-- validateUserCanAccessOrderHistory -->
</testsuite> <!-- Surefire test -->
