<?xml version="1.0" encoding="UTF-8"?>
<!-- Generated by org.testng.reporters.JUnitXMLReporter -->
<testsuite ignored="9" hostname="vaish" failures="0" tests="1" name="Default test" time="9.706" errors="0" timestamp="2023-11-14T15:29:42 EST">
  <testcase classname="com.naveenAutomationPageTest.AccountPageTest" name="validateUserCanAccessTransactionsPage" time="3.006"/>
  <testcase classname="com.naveenAutomationPageTest.AccountPageTest" name="validateUserCanAccessDownloadsPage" time="0.0">
    <ignored/>
  </testcase> <!-- validateUserCanAccessDownloadsPage -->
  <testcase classname="com.naveenAutomationPageTest.AccountPageTest" name="validateUserCanAccessRewardPointsPage" time="0.0">
    <ignored/>
  </testcase> <!-- validateUserCanAccessRewardPointsPage -->
  <testcase classname="com.naveenAutomationPageTest.AccountPageTest" name="validateUserCanAccessRecurringPaymentsPage" time="0.0">
    <ignored/>
  </testcase> <!-- validateUserCanAccessRecurringPaymentsPage -->
  <testcase classname="com.naveenAutomationPageTest.AccountPageTest" name="validateUserCanAccessAddressBook" time="0.0">
    <ignored/>
  </testcase> <!-- validateUserCanAccessAddressBook -->
  <testcase classname="com.naveenAutomationPageTest.AccountPageTest" name="validateUserCanChangePassword" time="0.0">
    <ignored/>
  </testcase> <!-- validateUserCanChangePassword -->
  <testcase classname="com.naveenAutomationPageTest.AccountPageTest" name="validateUserCanUpdateWishList" time="0.0">
    <ignored/>
  </testcase> <!-- validateUserCanUpdateWishList -->
  <testcase classname="com.naveenAutomationPageTest.AccountPageTest" name="validateUserCanEditPersonalInfo" time="0.0">
    <ignored/>
  </testcase> <!-- validateUserCanEditPersonalInfo -->
  <testcase classname="com.naveenAutomationPageTest.AccountPageTest" name="validateUserCanUpdateNewsLetterSubscription" time="0.0">
    <ignored/>
  </testcase> <!-- validateUserCanUpdateNewsLetterSubscription -->
  <testcase classname="com.naveenAutomationPageTest.AccountPageTest" name="validateUserCanAccessOrderHistory" time="0.0">
    <ignored/>
  </testcase> <!-- validateUserCanAccessOrderHistory -->
</testsuite> <!-- Default test -->
