-------------------------------------------------------------------------------
Test set: TestSuite
-------------------------------------------------------------------------------
Tests run: 37, Failures: 1, Errors: 0, Skipped: 0, Time elapsed: 342.986 s <<< FAILURE! - in TestSuite
validateUserIsAbleToRegisterWithValidInfo(com.naveenAutomationPageTest.RegisterAccountPageTest)  Time elapsed: 2.51 s  <<< FAILURE!
java.lang.AssertionError: User is not Able To Register With Valid Info expected [Your Account Has Been Created!] but found [Register Account]
	at com.naveenAutomationPageTest.RegisterAccountPageTest.validateUserIsAbleToRegisterWithValidInfo(RegisterAccountPageTest.java:49)

