<?xml version="1.0" encoding="UTF-8"?>
<testsuite xmlns:xsi="http://www.w3.org/2001/XMLSchema-instance" xsi:noNamespaceSchemaLocation="https://maven.apache.org/surefire/maven-surefire-plugin/xsd/surefire-test-report.xsd" name="TestSuite" time="342.986" tests="37" errors="0" skipped="0" failures="1">
  <properties>
[...]
</properties>
  <testcase name="validateUserCanAccessAddressBook" classname="com.naveenAutomationPageTest.AccountPageTest" time="2.18"/>
  <testcase name="validateUserCanAccessDownloadsPage" classname="com.naveenAutomationPageTest.AccountPageTest" time="2.354"/>
  <testcase name="validateUserCanAccessOrderHistory" classname="com.naveenAutomationPageTest.AccountPageTest" time="2.373"/>
  <testcase name="validateUserCanAccessRecurringPaymentsPage" classname="com.naveenAutomationPageTest.AccountPageTest" time="2.227"/>
  <testcase name="validateUserCanAccessRewardPointsPage" classname="com.naveenAutomationPageTest.AccountPageTest" time="3.619"/>
  <testcase name="validateUserCanAccessTransactionsPage" classname="com.naveenAutomationPageTest.AccountPageTest" time="2.587"/>
  <testcase name="validateUserCanChangePassword" classname="com.naveenAutomationPageTest.AccountPageTest" time="3.607"/>
  <testcase name="validateUserCanEditPersonalInfo" classname="com.naveenAutomationPageTest.AccountPageTest" time="3.284"/>
  <testcase name="validateUserCanUpdateNewsLetterSubscription" classname="com.naveenAutomationPageTest.AccountPageTest" time="3.299"/>
  <testcase name="validateUserCanUpdateWishList" classname="com.naveenAutomationPageTest.AccountPageTest" time="2.342"/>
  <testcase name="validateUserCanAddNewAddressToAddressBook" classname="com.naveenAutomationPageTest.AddressBookEntriesPageTest" time="9.93"/>
  <testcase name="validateUserCanAddNewAddressToAddressBook" classname="com.naveenAutomationPageTest.AddressBookEntriesPageTest" time="10.081"/>
  <testcase name="validateUserCanNavigateToAddressBook" classname="com.naveenAutomationPageTest.AddressBookEntriesPageTest" time="3.215"/>
  <testcase name="validateFirstNameCharactersAreWithinRange" classname="com.naveenAutomationPageTest.EditAccountPageTest" time="5.047"/>
  <testcase name="validateLastNameCharactersAreWithinRange" classname="com.naveenAutomationPageTest.EditAccountPageTest" time="4.676"/>
  <testcase name="validateUserCanNotSkipEmail" classname="com.naveenAutomationPageTest.EditAccountPageTest" time="17.516"/>
  <testcase name="validateUserCanNotSkipFirstName" classname="com.naveenAutomationPageTest.EditAccountPageTest" time="3.57"/>
  <testcase name="validateUserCanNotSkipLastName" classname="com.naveenAutomationPageTest.EditAccountPageTest" time="3.533"/>
  <testcase name="validateUserWillGetConfirmationLinkUsingValidEmail" classname="com.naveenAutomationPageTest.ForgottenPasswordPageTest" time="1.895"/>
  <testcase name="validateUserWillNotGetConfirmationLinkUsingInvalidEmail" classname="com.naveenAutomationPageTest.ForgottenPasswordPageTest" time="1.344"/>
  <testcase name="validateUserCanLoginWithValidCredentials" classname="com.naveenAutomationPageTest.LoginPageTest" time="1.137"/>
  <testcase name="validateUserCanNotLoginWithInValidPassword" classname="com.naveenAutomationPageTest.LoginPageTest" time="0.854"/>
  <testcase name="validateUserIsAbleToNavigateToForgottenPasswordPage" classname="com.naveenAutomationPageTest.LoginPageTest" time="0.632"/>
  <testcase name="validateUserCanLogoutsafely" classname="com.naveenAutomationPageTest.LogoutPageTest" time="4.686"/>
  <testcase name="validateUserCanNavigateToRegisterAccount" classname="com.naveenAutomationPageTest.RegisterAccountPageTest" time="1.301"/>
  <testcase name="validateUserCanNotEnterInvalidFirstName" classname="com.naveenAutomationPageTest.RegisterAccountPageTest" time="2.499"/>
  <testcase name="validateUserCanNotEnterInvalidLastName" classname="com.naveenAutomationPageTest.RegisterAccountPageTest" time="2.504"/>
  <testcase name="validateUserCanNotEnterInvalidTelephone" classname="com.naveenAutomationPageTest.RegisterAccountPageTest" time="4.489"/>
  <testcase name="validateUserCanNotSkipConfirmPassword" classname="com.naveenAutomationPageTest.RegisterAccountPageTest" time="4.023"/>
  <testcase name="validateUserCanNotSkipEmail" classname="com.naveenAutomationPageTest.RegisterAccountPageTest" time="2.127"/>
  <testcase name="validateUserCanNotSkipFirstName" classname="com.naveenAutomationPageTest.RegisterAccountPageTest" time="2.486"/>
  <testcase name="validateUserCanNotSkipLastName" classname="com.naveenAutomationPageTest.RegisterAccountPageTest" time="2.563"/>
  <testcase name="validateUserCanNotSkipPassword" classname="com.naveenAutomationPageTest.RegisterAccountPageTest" time="4.282"/>
  <testcase name="validateUserCheckEDPrivacyPolicyCheckBox" classname="com.naveenAutomationPageTest.RegisterAccountPageTest" time="2.5"/>
  <testcase name="validateUserIsAbleToRegisterWithValidInfo" classname="com.naveenAutomationPageTest.RegisterAccountPageTest" time="2.51">
    <failure message="User is not Able To Register With Valid Info expected [Your Account Has Been Created!] but found [Register Account]" type="java.lang.AssertionError">java.lang.AssertionError: User is not Able To Register With Valid Info expected [Your Account Has Been Created!] but found [Register Account]
	at com.naveenAutomationPageTest.RegisterAccountPageTest.validateUserIsAbleToRegisterWithValidInfo(RegisterAccountPageTest.java:49)
</failure>
    <system-out><![CDATA[2023-11-15 16:44:31 INFO  TestBase:40 - Navigating to https://naveenautomationlabs.com/opencart/index.php?route=account/login
315316 [main] INFO com.naveenautomation.base.TestBase  - Navigating to https://naveenautomationlabs.com/opencart/index.php?route=account/login
2023-11-15 16:44:34 INFO  TestBase:46 - Navigated to https://naveenautomationlabs.com/opencart/index.php?route=account/login
318341 [main] INFO com.naveenautomation.base.TestBase  - Navigated to https://naveenautomationlabs.com/opencart/index.php?route=account/login
2023-11-15 16:44:34 INFO  TestBase:88 - Finding element using By.xpath: //a[text()='Continue']
318532 [main] INFO com.naveenautomation.base.TestBase  - Finding element using By.xpath: //a[text()='Continue']
2023-11-15 16:44:34 INFO  TestBase:94 - Found element using By.xpath: //a[text()='Continue']
318554 [main] INFO com.naveenautomation.base.TestBase  - Found element using By.xpath: //a[text()='Continue']
2023-11-15 16:44:35 INFO  TestBase:100 - Clicking on Continue
318570 [main] INFO com.naveenautomation.base.TestBase  - Clicking on Continue
2023-11-15 16:44:35 INFO  TestBase:106 - Clicked on [[ChromeDriver: chrome on WINDOWS (a489d402843311f9a8288670ee25b22f)] -> xpath: //a[text()='Continue']]
319546 [main] INFO com.naveenautomation.base.TestBase  - Clicked on [[ChromeDriver: chrome on WINDOWS (a489d402843311f9a8288670ee25b22f)] -> xpath: //a[text()='Continue']]
2023-11-15 16:44:35 INFO  TestBase:88 - Finding element using By.id: input-firstname
319547 [main] INFO com.naveenautomation.base.TestBase  - Finding element using By.id: input-firstname
2023-11-15 16:44:36 INFO  TestBase:94 - Found element using By.id: input-firstname
319581 [main] INFO com.naveenautomation.base.TestBase  - Found element using By.id: input-firstname
2023-11-15 16:44:36 INFO  TestBase:88 - Finding element using By.id: input-lastname
319689 [main] INFO com.naveenautomation.base.TestBase  - Finding element using By.id: input-lastname
2023-11-15 16:44:36 INFO  TestBase:94 - Found element using By.id: input-lastname
319718 [main] INFO com.naveenautomation.base.TestBase  - Found element using By.id: input-lastname
2023-11-15 16:44:36 INFO  TestBase:88 - Finding element using By.id: input-email
319807 [main] INFO com.naveenautomation.base.TestBase  - Finding element using By.id: input-email
2023-11-15 16:44:36 INFO  TestBase:94 - Found element using By.id: input-email
319828 [main] INFO com.naveenautomation.base.TestBase  - Found element using By.id: input-email
2023-11-15 16:44:36 INFO  TestBase:88 - Finding element using By.id: input-telephone
319924 [main] INFO com.naveenautomation.base.TestBase  - Finding element using By.id: input-telephone
2023-11-15 16:44:36 INFO  TestBase:94 - Found element using By.id: input-telephone
319949 [main] INFO com.naveenautomation.base.TestBase  - Found element using By.id: input-telephone
2023-11-15 16:44:36 INFO  TestBase:88 - Finding element using By.id: input-password
320040 [main] INFO com.naveenautomation.base.TestBase  - Finding element using By.id: input-password
2023-11-15 16:44:36 INFO  TestBase:94 - Found element using By.id: input-password
320072 [main] INFO com.naveenautomation.base.TestBase  - Found element using By.id: input-password
2023-11-15 16:44:36 INFO  TestBase:88 - Finding element using By.id: input-confirm
320151 [main] INFO com.naveenautomation.base.TestBase  - Finding element using By.id: input-confirm
2023-11-15 16:44:36 INFO  TestBase:94 - Found element using By.id: input-confirm
320176 [main] INFO com.naveenautomation.base.TestBase  - Found element using By.id: input-confirm
2023-11-15 16:44:36 INFO  TestBase:88 - Finding element using By.cssSelector: input[type='checkbox']
320244 [main] INFO com.naveenautomation.base.TestBase  - Finding element using By.cssSelector: input[type='checkbox']
2023-11-15 16:44:36 INFO  TestBase:94 - Found element using By.cssSelector: input[type='checkbox']
320271 [main] INFO com.naveenautomation.base.TestBase  - Found element using By.cssSelector: input[type='checkbox']
2023-11-15 16:44:36 INFO  TestBase:100 - Clicking on 
320283 [main] INFO com.naveenautomation.base.TestBase  - Clicking on 
2023-11-15 16:44:36 INFO  TestBase:106 - Clicked on [[ChromeDriver: chrome on WINDOWS (a489d402843311f9a8288670ee25b22f)] -> css selector: input[type='checkbox']]
320363 [main] INFO com.naveenautomation.base.TestBase  - Clicked on [[ChromeDriver: chrome on WINDOWS (a489d402843311f9a8288670ee25b22f)] -> css selector: input[type='checkbox']]
2023-11-15 16:44:36 INFO  TestBase:88 - Finding element using By.cssSelector: input[value='Continue']
320363 [main] INFO com.naveenautomation.base.TestBase  - Finding element using By.cssSelector: input[value='Continue']
2023-11-15 16:44:36 INFO  TestBase:94 - Found element using By.cssSelector: input[value='Continue']
320402 [main] INFO com.naveenautomation.base.TestBase  - Found element using By.cssSelector: input[value='Continue']
2023-11-15 16:44:36 INFO  TestBase:100 - Clicking on 
320410 [main] INFO com.naveenautomation.base.TestBase  - Clicking on 
2023-11-15 16:44:37 INFO  TestBase:106 - Clicked on [[ChromeDriver: chrome on WINDOWS (a489d402843311f9a8288670ee25b22f)] -> css selector: input[value='Continue']]
320954 [main] INFO com.naveenautomation.base.TestBase  - Clicked on [[ChromeDriver: chrome on WINDOWS (a489d402843311f9a8288670ee25b22f)] -> css selector: input[value='Continue']]
2023-11-15 16:44:37 INFO  TestBase:88 - Finding element using By.cssSelector: #content > h1
320955 [main] INFO com.naveenautomation.base.TestBase  - Finding element using By.cssSelector: #content > h1
2023-11-15 16:44:37 INFO  TestBase:94 - Found element using By.cssSelector: #content > h1
320982 [main] INFO com.naveenautomation.base.TestBase  - Found element using By.cssSelector: #content > h1
2023-11-15 16:44:37 INFO  TestBase:166 - Getting text on Register Account
320997 [main] INFO com.naveenautomation.base.TestBase  - Getting text on Register Account
2023-11-15 16:44:37 INFO  TestBase:172 - Got text on Register Account
321030 [main] INFO com.naveenautomation.base.TestBase  - Got text on Register Account
]]></system-out>
    <system-err><![CDATA[Starting ChromeDriver 119.0.6045.105 (38c72552c5e15ba9b3117c0967a0fd105072d7c6-refs/branch-heads/6045@{#1103}) on port 13486
Only local connections are allowed.
Please see https://chromedriver.chromium.org/security-considerations for suggestions on keeping ChromeDriver safe.
ChromeDriver was started successfully.
Nov. 15, 2023 4:44:31 P.M. org.openqa.selenium.remote.ProtocolHandshake createSession
INFO: Detected dialect: W3C
]]></system-err>
  </testcase>
  <testcase name="validateNavigationBackToAccountPage" classname="com.naveenAutomationPageTest.ViewProductReturnsPageTest" time="2.58"/>
  <testcase name="validateNavigationToViewProductReturnsPage" classname="com.naveenAutomationPageTest.ViewProductReturnsPageTest" time="3.728"/>
</testsuite>