<?xml version="1.0" encoding="UTF-8"?>
<testng-results ignored="0" total="1" passed="1" failed="0" skipped="0">
  <reporter-output>
  </reporter-output>
  <suite started-at="2023-11-14T15:29:32 EST" name="Default suite" finished-at="2023-11-14T15:29:42 EST" duration-ms="9706">
    <groups>
    </groups>
    <test started-at="2023-11-14T15:29:32 EST" name="Default test" finished-at="2023-11-14T15:29:42 EST" duration-ms="9706">
      <class name="com.naveenAutomationPageTest.AccountPageTest">
        <test-method is-config="true" signature="loggerSetup()[pri:0, instance:com.naveenAutomationPageTest.AccountPageTest@524f3b3a]" started-at="2023-11-14T15:29:32 EST" name="loggerSetup" finished-at="2023-11-14T15:29:32 EST" duration-ms="75" status="PASS">
          <reporter-output>
          </reporter-output>
        </test-method> <!-- loggerSetup -->
        <test-method is-config="true" signature="launchBrowser()[pri:0, instance:com.naveenAutomationPageTest.AccountPageTest@524f3b3a]" started-at="2023-11-14T15:29:32 EST" name="launchBrowser" finished-at="2023-11-14T15:29:38 EST" duration-ms="6103" status="PASS">
          <reporter-output>
          </reporter-output>
        </test-method> <!-- launchBrowser -->
        <test-method signature="validateUserCanAccessTransactionsPage()[pri:0, instance:com.naveenAutomationPageTest.AccountPageTest@524f3b3a]" started-at="2023-11-14T15:29:38 EST" name="validateUserCanAccessTransactionsPage" finished-at="2023-11-14T15:29:41 EST" duration-ms="3006" status="PASS">
          <reporter-output>
          </reporter-output>
        </test-method> <!-- validateUserCanAccessTransactionsPage -->
        <test-method is-config="true" signature="quitBrowser()[pri:0, instance:com.naveenAutomationPageTest.AccountPageTest@524f3b3a]" started-at="2023-11-14T15:29:41 EST" name="quitBrowser" finished-at="2023-11-14T15:29:42 EST" duration-ms="312" status="PASS">
          <reporter-output>
          </reporter-output>
        </test-method> <!-- quitBrowser -->
        <test-method is-config="true" signature="tearDown()[pri:0, instance:com.naveenAutomationPageTest.AccountPageTest@524f3b3a]" started-at="2023-11-14T15:29:42 EST" name="tearDown" finished-at="2023-11-14T15:29:42 EST" duration-ms="1" status="PASS">
          <reporter-output>
          </reporter-output>
        </test-method> <!-- tearDown -->
      </class> <!-- com.naveenAutomationPageTest.AccountPageTest -->
    </test> <!-- Default test -->
  </suite> <!-- Default suite -->
</testng-results>
